  t38_core_tests.c
c:\work\opal\plugins\fax\fax_spandsp\spandsp-0.0.6\src\spandsp.h(45): error C2018: unknown character '0x40'
c:\work\opal\plugins\fax\fax_spandsp\tiff-3.8.2\libtiff\tiff.h(65): error C2054: expected '(' to follow 'INSERT_STDBOOL_HEADER'
c:\work\opal\plugins\fax\fax_spandsp\tiff-3.8.2\libtiff\tiff.h(65): error C2085: 'int8': not in formal parameter list
c:\work\opal\plugins\fax\fax_spandsp\tiff-3.8.2\libtiff\tiff.h(67): error C2085: 'uint8': not in formal parameter list
c:\work\opal\plugins\fax\fax_spandsp\tiff-3.8.2\libtiff\tiff.h(69): error C2085: 'int16': not in formal parameter list
c:\work\opal\plugins\fax\fax_spandsp\tiff-3.8.2\libtiff\tiff.h(71): error C2085: 'uint16': not in formal parameter list
c:\work\opal\plugins\fax\fax_spandsp\tiff-3.8.2\libtiff\tiff.h(74): error C2085: 'int32': not in formal parameter list
c:\work\opal\plugins\fax\fax_spandsp\tiff-3.8.2\libtiff\tiff.h(76): error C2085: 'uint32': not in formal parameter list
c:\work\opal\plugins\fax\fax_spandsp\tiff-3.8.2\libtiff\tiff.h(96): error C2061: syntax error: identifier 'uint16'
c:\work\opal\plugins\fax\fax_spandsp\tiff-3.8.2\libtiff\tiff.h(98): error C2061: syntax error: identifier 'tiff_version'
c:\work\opal\plugins\fax\fax_spandsp\tiff-3.8.2\libtiff\tiff.h(98): error C2059: syntax error: ';'
c:\work\opal\plugins\fax\fax_spandsp\tiff-3.8.2\libtiff\tiff.h(100): error C2061: syntax error: identifier 'tiff_diroff'
c:\work\opal\plugins\fax\fax_spandsp\tiff-3.8.2\libtiff\tiff.h(100): error C2059: syntax error: ';'
c:\work\opal\plugins\fax\fax_spandsp\tiff-3.8.2\libtiff\tiff.h(102): error C2059: syntax error: '}'
c:\work\opal\plugins\fax\fax_spandsp\tiff-3.8.2\libtiff\tiff.h(117): error C2061: syntax error: identifier 'uint16'
c:\work\opal\plugins\fax\fax_spandsp\tiff-3.8.2\libtiff\tiff.h(118): error C2061: syntax error: identifier 'tdir_type'
c:\work\opal\plugins\fax\fax_spandsp\tiff-3.8.2\libtiff\tiff.h(118): error C2059: syntax error: ';'
c:\work\opal\plugins\fax\fax_spandsp\tiff-3.8.2\libtiff\tiff.h(119): error C2061: syntax error: identifier 'tdir_count'
c:\work\opal\plugins\fax\fax_spandsp\tiff-3.8.2\libtiff\tiff.h(119): error C2059: syntax error: ';'
c:\work\opal\plugins\fax\fax_spandsp\tiff-3.8.2\libtiff\tiff.h(120): error C2061: syntax error: identifier 'tdir_offset'
c:\work\opal\plugins\fax\fax_spandsp\tiff-3.8.2\libtiff\tiff.h(120): error C2059: syntax error: ';'
c:\work\opal\plugins\fax\fax_spandsp\tiff-3.8.2\libtiff\tiff.h(121): error C2059: syntax error: '}'
c:\work\opal\plugins\fax\fax_spandsp\tiff-3.8.2\libtiff\tiffio.h(61): error C2061: syntax error: identifier 'ttag_t'
c:\work\opal\plugins\fax\fax_spandsp\tiff-3.8.2\libtiff\tiffio.h(61): error C2059: syntax error: ';'
c:\work\opal\plugins\fax\fax_spandsp\tiff-3.8.2\libtiff\tiffio.h(62): error C2061: syntax error: identifier 'tdir_t'
c:\work\opal\plugins\fax\fax_spandsp\tiff-3.8.2\libtiff\tiffio.h(62): error C2059: syntax error: ';'
c:\work\opal\plugins\fax\fax_spandsp\tiff-3.8.2\libtiff\tiffio.h(63): error C2061: syntax error: identifier 'tsample_t'
c:\work\opal\plugins\fax\fax_spandsp\tiff-3.8.2\libtiff\tiffio.h(63): error C2059: syntax error: ';'
c:\work\opal\plugins\fax\fax_spandsp\tiff-3.8.2\libtiff\tiffio.h(64): error C2061: syntax error: identifier 'tstrip_t'
c:\work\opal\plugins\fax\fax_spandsp\tiff-3.8.2\libtiff\tiffio.h(64): error C2059: syntax error: ';'
c:\work\opal\plugins\fax\fax_spandsp\tiff-3.8.2\libtiff\tiffio.h(65): error C2061: syntax error: identifier 'ttile_t'
c:\work\opal\plugins\fax\fax_spandsp\tiff-3.8.2\libtiff\tiffio.h(65): error C2059: syntax error: ';'
c:\work\opal\plugins\fax\fax_spandsp\tiff-3.8.2\libtiff\tiffio.h(66): error C2061: syntax error: identifier 'tsize_t'
c:\work\opal\plugins\fax\fax_spandsp\tiff-3.8.2\libtiff\tiffio.h(66): error C2059: syntax error: ';'
c:\work\opal\plugins\fax\fax_spandsp\tiff-3.8.2\libtiff\tiffio.h(68): error C2061: syntax error: identifier 'toff_t'
c:\work\opal\plugins\fax\fax_spandsp\tiff-3.8.2\libtiff\tiffio.h(68): error C2059: syntax error: ';'
c:\work\opal\plugins\fax\fax_spandsp\tiff-3.8.2\libtiff\tiffio.h(139): error C2061: syntax error: identifier 'uint32'
c:\work\opal\plugins\fax\fax_spandsp\tiff-3.8.2\libtiff\tiffio.h(140): error C2061: syntax error: identifier 'd_Vrwg'
c:\work\opal\plugins\fax\fax_spandsp\tiff-3.8.2\libtiff\tiffio.h(140): error C2059: syntax error: ';'
c:\work\opal\plugins\fax\fax_spandsp\tiff-3.8.2\libtiff\tiffio.h(141): error C2061: syntax error: identifier 'd_Vrwb'
c:\work\opal\plugins\fax\fax_spandsp\tiff-3.8.2\libtiff\tiffio.h(141): error C2059: syntax error: ';'
c:\work\opal\plugins\fax\fax_spandsp\tiff-3.8.2\libtiff\tiffio.h(148): error C2059: syntax error: '}'
c:\work\opal\plugins\fax\fax_spandsp\tiff-3.8.2\libtiff\tiffio.h(154): error C2061: syntax error: identifier 'int32'
c:\work\opal\plugins\fax\fax_spandsp\tiff-3.8.2\libtiff\tiffio.h(155): error C2143: syntax error: missing '{' before '*'
c:\work\opal\plugins\fax\fax_spandsp\tiff-3.8.2\libtiff\tiffio.h(156): error C2143: syntax error: missing '{' before '*'
c:\work\opal\plugins\fax\fax_spandsp\tiff-3.8.2\libtiff\tiffio.h(157): error C2059: syntax error: '}'
c:\work\opal\plugins\fax\fax_spandsp\tiff-3.8.2\libtiff\tiffio.h(164): error C2061: syntax error: identifier 'TIFFDisplay'
c:\work\opal\plugins\fax\fax_spandsp\tiff-3.8.2\libtiff\tiffio.h(168): error C2059: syntax error: '}'
c:\work\opal\plugins\fax\fax_spandsp\tiff-3.8.2\libtiff\tiffio.h(185): error C2143: syntax error: missing ')' before '*'
c:\work\opal\plugins\fax\fax_spandsp\tiff-3.8.2\libtiff\tiffio.h(185): error C2081: 'uint32': name in formal parameter list illegal
c:\work\opal\plugins\fax\fax_spandsp\tiff-3.8.2\libtiff\tiffio.h(185): error C2143: syntax error: missing '{' before '*'
c:\work\opal\plugins\fax\fax_spandsp\tiff-3.8.2\libtiff\tiffio.h(185): error C2059: syntax error: ','
c:\work\opal\plugins\fax\fax_spandsp\tiff-3.8.2\libtiff\tiffio.h(186): error C2059: syntax error: ')'
c:\work\opal\plugins\fax\fax_spandsp\tiff-3.8.2\libtiff\tiffio.h(188): error C2143: syntax error: missing ')' before '*'
c:\work\opal\plugins\fax\fax_spandsp\tiff-3.8.2\libtiff\tiffio.h(188): error C2081: 'uint32': name in formal parameter list illegal
c:\work\opal\plugins\fax\fax_spandsp\tiff-3.8.2\libtiff\tiffio.h(188): error C2143: syntax error: missing '{' before '*'
c:\work\opal\plugins\fax\fax_spandsp\tiff-3.8.2\libtiff\tiffio.h(188): error C2059: syntax error: ','
c:\work\opal\plugins\fax\fax_spandsp\tiff-3.8.2\libtiff\tiffio.h(189): error C2059: syntax error: ')'
c:\work\opal\plugins\fax\fax_spandsp\tiff-3.8.2\libtiff\tiffio.h(198): error C2061: syntax error: identifier 'uint32'
c:\work\opal\plugins\fax\fax_spandsp\tiff-3.8.2\libtiff\tiffio.h(199): error C2061: syntax error: identifier 'height'
c:\work\opal\plugins\fax\fax_spandsp\tiff-3.8.2\libtiff\tiffio.h(199): error C2059: syntax error: ';'
c:\work\opal\plugins\fax\fax_spandsp\tiff-3.8.2\libtiff\tiffio.h(200): error C2061: syntax error: identifier 'bitspersample'
c:\work\opal\plugins\fax\fax_spandsp\tiff-3.8.2\libtiff\tiffio.h(200): error C2059: syntax error: ';'
c:\work\opal\plugins\fax\fax_spandsp\tiff-3.8.2\libtiff\tiffio.h(201): error C2061: syntax error: identifier 'samplesperpixel'
c:\work\opal\plugins\fax\fax_spandsp\tiff-3.8.2\libtiff\tiffio.h(201): error C2059: syntax error: ';'
c:\work\opal\plugins\fax\fax_spandsp\tiff-3.8.2\libtiff\tiffio.h(202): error C2061: syntax error: identifier 'orientation'
c:\work\opal\plugins\fax\fax_spandsp\tiff-3.8.2\libtiff\tiffio.h(202): error C2059: syntax error: ';'
c:\work\opal\plugins\fax\fax_spandsp\tiff-3.8.2\libtiff\tiffio.h(203): error C2061: syntax error: identifier 'req_orientation'
c:\work\opal\plugins\fax\fax_spandsp\tiff-3.8.2\libtiff\tiffio.h(203): error C2059: syntax error: ';'
c:\work\opal\plugins\fax\fax_spandsp\tiff-3.8.2\libtiff\tiffio.h(204): error C2061: syntax error: identifier 'photometric'
c:\work\opal\plugins\fax\fax_spandsp\tiff-3.8.2\libtiff\tiffio.h(204): error C2059: syntax error: ';'
c:\work\opal\plugins\fax\fax_spandsp\tiff-3.8.2\libtiff\tiffio.h(205): error C2143: syntax error: missing '{' before '*'
c:\work\opal\plugins\fax\fax_spandsp\tiff-3.8.2\libtiff\tiffio.h(206): error C2143: syntax error: missing '{' before '*'
c:\work\opal\plugins\fax\fax_spandsp\tiff-3.8.2\libtiff\tiffio.h(207): error C2143: syntax error: missing '{' before '*'
c:\work\opal\plugins\fax\fax_spandsp\tiff-3.8.2\libtiff\tiffio.h(209): error C2143: syntax error: missing ')' before '*'
c:\work\opal\plugins\fax\fax_spandsp\tiff-3.8.2\libtiff\tiffio.h(209): error C2081: 'uint32': name in formal parameter list illegal
c:\work\opal\plugins\fax\fax_spandsp\tiff-3.8.2\libtiff\tiffio.h(209): error C2143: syntax error: missing '{' before '*'
c:\work\opal\plugins\fax\fax_spandsp\tiff-3.8.2\libtiff\tiffio.h(209): error C2059: syntax error: ','
c:\work\opal\plugins\fax\fax_spandsp\tiff-3.8.2\libtiff\tiffio.h(209): error C2059: syntax error: ')'
c:\work\opal\plugins\fax\fax_spandsp\tiff-3.8.2\libtiff\tiffio.h(212): error C2061: syntax error: identifier 'tileContigRoutine'
c:\work\opal\plugins\fax\fax_spandsp\tiff-3.8.2\libtiff\tiffio.h(213): error C2061: syntax error: identifier 'separate'
c:\work\opal\plugins\fax\fax_spandsp\tiff-3.8.2\libtiff\tiffio.h(213): error C2059: syntax error: ';'
c:\work\opal\plugins\fax\fax_spandsp\tiff-3.8.2\libtiff\tiffio.h(214): error C2059: syntax error: '}'
c:\work\opal\plugins\fax\fax_spandsp\tiff-3.8.2\libtiff\tiffio.h(216): error C2143: syntax error: missing '{' before '*'
c:\work\opal\plugins\fax\fax_spandsp\tiff-3.8.2\libtiff\tiffio.h(217): error C2143: syntax error: missing '{' before '*'
c:\work\opal\plugins\fax\fax_spandsp\tiff-3.8.2\libtiff\tiffio.h(218): error C2143: syntax error: missing '{' before '*'
c:\work\opal\plugins\fax\fax_spandsp\tiff-3.8.2\libtiff\tiffio.h(219): error C2143: syntax error: missing '{' before '*'
c:\work\opal\plugins\fax\fax_spandsp\tiff-3.8.2\libtiff\tiffio.h(223): error C2059: syntax error: '}'
c:\work\opal\plugins\fax\fax_spandsp\tiff-3.8.2\libtiff\tiffio.h(244): error C2061: syntax error: identifier 'uint16'
c:\work\opal\plugins\fax\fax_spandsp\tiff-3.8.2\libtiff\tiffio.h(246): error C2059: syntax error: '}'
c:\work\opal\plugins\fax\fax_spandsp\tiff-3.8.2\libtiff\tiffio.h(261): error C2143: syntax error: missing ')' before '*'
c:\work\opal\plugins\fax\fax_spandsp\tiff-3.8.2\libtiff\tiffio.h(261): error C2143: syntax error: missing '{' before '*'
c:\work\opal\plugins\fax\fax_spandsp\tiff-3.8.2\libtiff\tiffio.h(261): error C2059: syntax error: ')'
c:\work\opal\plugins\fax\fax_spandsp\tiff-3.8.2\libtiff\tiffio.h(261): error C2081: 'tsize_t': name in formal parameter list illegal
c:\work\opal\plugins\fax\fax_spandsp\tiff-3.8.2\libtiff\tiffio.h(262): error C2143: syntax error: missing ')' before '*'
c:\work\opal\plugins\fax\fax_spandsp\tiff-3.8.2\libtiff\tiffio.h(262): error C2143: syntax error: missing '{' before '*'
c:\work\opal\plugins\fax\fax_spandsp\tiff-3.8.2\libtiff\tiffio.h(262): error C2059: syntax error: ')'
c:\work\opal\plugins\fax\fax_spandsp\tiff-3.8.2\libtiff\tiffio.h(262): error C2081: 'toff_t': name in formal parameter list illegal
c:\work\opal\plugins\fax\fax_spandsp\tiff-3.8.2\libtiff\tiffio.h(264): error C2143: syntax error: missing ')' before '*'
c:\work\opal\plugins\fax\fax_spandsp\tiff-3.8.2\libtiff\tiffio.h(264): error C2143: syntax error: missing '{' before '*'
c:\work\opal\plugins\fax\fax_spandsp\tiff-3.8.2\libtiff\tiffio.h(264): error C2059: syntax error: ')'
c:\work\opal\plugins\fax\fax_spandsp\tiff-3.8.2\libtiff\tiffio.h(264): fatal error C1003: error count exceeds 100; stopping compilation
  getopt.c
  Generating Code...
